<?xml version="1.0" encoding="UTF-8"?>
<!-- Generated by org.testng.reporters.JUnitReportReporter -->
<testsuite skipped="0" hostname="Vinay.local" name="com.automation.framework.runner.RunCuke" tests="2" failures="0" timestamp="24 Apr 2022 06:01:22 GMT" time="59.539" errors="0">
  <testcase name="runScenario" time="30.671" classname="com.automation.framework.runner.RunCuke"/>
  <testcase name="runScenario" time="28.868" classname="com.automation.framework.runner.RunCuke"/>
</testsuite> <!-- com.automation.framework.runner.RunCuke -->
